[35m[Appium][39m Welcome to Appium v1.22.3
[35m[Appium][39m Non-default server args:
[35m[Appium][39m   port: 64221
[35m[Appium][39m   loglevel: info
[35m[Appium][39m   tmpDir: C:\Users\haidi\AppData\Local\Temp\\Katalon\Appium\Temp1656255018806
[35m[Appium][39m   chromedriverPort: 64222
[35m[Appium][39m Deprecated server args:
[35m[Appium][39m   [31m--chromedriver-port[39m => --default-capabilities
[35m[Appium][39m Default capabilities, which will be added to each request unless overridden by desired capabilities:
[35m[Appium][39m   chromedriverPort: 64222
[35m[Appium][39m Appium REST http interface listener started on 0.0.0.0:64221
[35m[HTTP][39m [37m-->[39m [37mGET[39m [37m/wd/hub/status[39m
[35m[HTTP][39m [90m{}[39m
[35m[HTTP][39m [37m<-- GET /wd/hub/status [39m[32m200[39m [90m10 ms - 68[39m
[35m[HTTP][39m [90m[39m
[35m[HTTP][39m [37m-->[39m [37mGET[39m [37m/wd/hub/status[39m
[35m[HTTP][39m [90m{}[39m
[35m[HTTP][39m [37m<-- GET /wd/hub/status [39m[32m200[39m [90m2 ms - 68[39m
[35m[HTTP][39m [90m[39m
[35m[HTTP][39m [37m-->[39m [37mPOST[39m [37m/wd/hub/session[39m
[35m[HTTP][39m [90m{"desiredCapabilities":{"app":"C:\\Users\\haidi\\Downloads\\app sit release pentest.apk","noReset":true,"deviceName":"realme RMX3430 (Android 12)","fullReset":false,"platform":"ANDROID","newCommandTimeout":1800,"platformVersion":"12","automationName":"uiautomator2","autoGrantPermissions":true,"platformName":"Android","udid":"ZH4DCAZTJVV8W8QK","systemPort":64228},"capabilities":{"firstMatch":[{"appium:app":"C:\\Users\\haidi\\Downloads\\app sit release pentest.apk","appium:autoGrantPermissions":true,"appium:automationName":"uiautomator2","appium:deviceName":"realme RMX3430 (Android 12)","appium:fullReset":false,"appium:newCommandTimeout":1800,"appium:noReset":true,"platform":"ANDROID","platformName":"android","appium:platformVersion":"12","appium:systemPort":64228,"appium:udid":"ZH4DCAZTJVV8W8QK"}]}}[39m
[35m[BaseDriver][39m The following capabilities are not standard capabilities and should have an extension prefix:
[35m[BaseDriver][39m   platform
[35m[BaseDriver][39m   chromedriverPort
[35m[Appium][39m Appium v1.22.3 creating new AndroidUiautomator2Driver (v1.70.1) session
[35m[BaseDriver][39m The following capabilities were provided, but are not recognized by Appium:
[35m[BaseDriver][39m   platform
[35m[BaseDriver][39m Session created with session id: 2f3fb4c6-d638-43d5-aa13-3cf1a77eef95
[35m[BaseDriver][39m Using local app 'C:\Users\haidi\Downloads\app sit release pentest.apk'
[35m[ADB][39m Found 1 'build-tools' folders under 'C:\Users\haidi\.katalon\tools\android_sdk' (newest first):
[35m[ADB][39m     C:/Users/haidi/.katalon/tools/android_sdk/build-tools/29.0.3
[35m[ADB][39m Using 'adb.exe' from 'C:\Users\haidi\.katalon\tools\android_sdk\platform-tools\adb.exe'
[35m[AndroidDriver][39m Retrieving device list
[35m[AndroidDriver][39m Using device: ZH4DCAZTJVV8W8QK
[35m[ADB][39m Using 'adb.exe' from 'C:\Users\haidi\.katalon\tools\android_sdk\platform-tools\adb.exe'
[35m[ADB][39m Getting device platform version
[35m[UiAutomator2][39m Relaxing hidden api policy
[35m[ADB][39m Package name: 'com.bankdki.sajete.mobile'
[35m[ADB][39m Main activity name: 'com.bankdki.sajete.mobile.MainActivity'
[35m[ADB][39m Using 'apksigner.jar' from 'C:\Users\haidi\.katalon\tools\android_sdk\build-tools\29.0.3\lib\apksigner.jar'
[35m[ADB][39m 'C:\Users\haidi\AppData\Roaming\npm\node_modules\appium\node_modules\appium-uiautomator2-server\apks\appium-uiautomator2-server-v4.27.0.apk' is signed with the default certificate
[35m[ADB][39m 'C:\Users\haidi\AppData\Roaming\npm\node_modules\appium\node_modules\appium-uiautomator2-server\apks\appium-uiautomator2-server-debug-androidTest.apk' is signed with the default certificate
[35m[UiAutomator2][39m Server packages are not going to be (re)installed
[35m[ADB][39m Adding packages ["io.appium.settings","io.appium.uiautomator2.server","io.appium.uiautomator2.server.test"] to Doze whitelist
[35m[ADB][39m 'C:\Users\haidi\Downloads\app sit release pentest.apk' is signed with a non-default certificate
[35m[ADB][39m The application at 'C:\Users\haidi\Downloads\app sit release pentest.apk' will not be cached, because the device under test has confirmed the support of streamed installs
[35m[ADB][39m The installation of 'app sit release pentest.apk' took 7398ms
[35m[UiAutomator2][39m Starting UIAutomator2 server 4.27.0
[35m[UiAutomator2][39m Using UIAutomator2 server from 'C:\Users\haidi\AppData\Roaming\npm\node_modules\appium\node_modules\appium-uiautomator2-server\apks\appium-uiautomator2-server-v4.27.0.apk' and test from 'C:\Users\haidi\AppData\Roaming\npm\node_modules\appium\node_modules\appium-uiautomator2-server\apks\appium-uiautomator2-server-debug-androidTest.apk'
[35m[UiAutomator2][39m Waiting up to 30000ms for UiAutomator2 to be online...
[35m[WD Proxy][39m socket hang up
[35m[WD Proxy][39m socket hang up
[35m[WD Proxy][39m socket hang up
[35m[WD Proxy][39m socket hang up
[35m[WD Proxy][39m socket hang up
[35m[WD Proxy][39m socket hang up
[35m[WD Proxy][39m socket hang up
[35m[WD Proxy][39m socket hang up
[35m[WD Proxy][39m socket hang up
[35m[WD Proxy][39m socket hang up
[35m[WD Proxy][39m socket hang up
[35m[WD Proxy][39m socket hang up
[35m[WD Proxy][39m Determined the downstream protocol as 'W3C'
[35m[AndroidDriver][39m Screen already unlocked, doing nothing
[35m[UiAutomator2][39m Starting 'com.bankdki.sajete.mobile/com.bankdki.sajete.mobile.MainActivity and waiting for 'com.bankdki.sajete.mobile/com.bankdki.sajete.mobile.MainActivity'
[35m[Appium][39m New AndroidUiautomator2Driver session created successfully, session 2f3fb4c6-d638-43d5-aa13-3cf1a77eef95 added to master session list
[35m[HTTP][39m [37m<-- POST /wd/hub/session [39m[32m200[39m [90m29573 ms - 1283[39m
[35m[HTTP][39m [90m[39m
[35m[HTTP][39m [37m-->[39m [37mGET[39m [37m/wd/hub/session/2f3fb4c6-d638-43d5-aa13-3cf1a77eef95[39m
[35m[HTTP][39m [90m{}[39m
[35m[HTTP][39m [37m<-- GET /wd/hub/session/2f3fb4c6-d638-43d5-aa13-3cf1a77eef95 [39m[32m200[39m [90m36 ms - 1237[39m
[35m[HTTP][39m [90m[39m
[35m[HTTP][39m [37m-->[39m [37mGET[39m [37m/wd/hub/session/2f3fb4c6-d638-43d5-aa13-3cf1a77eef95[39m
[35m[HTTP][39m [90m{}[39m
[35m[HTTP][39m [37m<-- GET /wd/hub/session/2f3fb4c6-d638-43d5-aa13-3cf1a77eef95 [39m[32m200[39m [90m17 ms - 1237[39m
[35m[HTTP][39m [90m[39m
[35m[HTTP][39m [37m-->[39m [37mGET[39m [37m/wd/hub/status[39m
[35m[HTTP][39m [90m{}[39m
[35m[HTTP][39m [37m<-- GET /wd/hub/status [39m[32m200[39m [90m2 ms - 68[39m
[35m[HTTP][39m [90m[39m
[35m[HTTP][39m [37m-->[39m [37mPOST[39m [37m/wd/hub/session/2f3fb4c6-d638-43d5-aa13-3cf1a77eef95/timeouts[39m
[35m[HTTP][39m [90m{"implicit":60000}[39m
[35m[HTTP][39m [37m<-- POST /wd/hub/session/2f3fb4c6-d638-43d5-aa13-3cf1a77eef95/timeouts [39m[32m200[39m [90m5 ms - 14[39m
[35m[HTTP][39m [90m[39m
[35m[HTTP][39m [37m-->[39m [37mGET[39m [37m/wd/hub/session/2f3fb4c6-d638-43d5-aa13-3cf1a77eef95/source[39m
[35m[HTTP][39m [90m{}[39m
[35m[W3C (2f3fb4c6)][39m Driver proxy active, passing request on via HTTP proxy
[35m[WD Proxy][39m Replacing sessionId 5d6660b3-7397-4906-b794-43a2c290e531 with 2f3fb4c6-d638-43d5-aa13-3cf1a77eef95
[35m[HTTP][39m [37m<-- GET /wd/hub/session/2f3fb4c6-d638-43d5-aa13-3cf1a77eef95/source [39m[32m200[39m [90m431 ms - 2804[39m
[35m[HTTP][39m [90m[39m
[35m[HTTP][39m [37m-->[39m [37mGET[39m [37m/wd/hub/session/2f3fb4c6-d638-43d5-aa13-3cf1a77eef95/screenshot[39m
[35m[HTTP][39m [90m{}[39m
[35m[HTTP][39m [37m<-- GET /wd/hub/session/2f3fb4c6-d638-43d5-aa13-3cf1a77eef95/screenshot [39m[32m200[39m [90m705 ms - 20080[39m
[35m[HTTP][39m [90m[39m
[35m[HTTP][39m [37m-->[39m [37mGET[39m [37m/wd/hub/session/2f3fb4c6-d638-43d5-aa13-3cf1a77eef95/source[39m
[35m[HTTP][39m [90m{}[39m
[35m[W3C (2f3fb4c6)][39m Driver proxy active, passing request on via HTTP proxy
[35m[WD Proxy][39m Replacing sessionId 5d6660b3-7397-4906-b794-43a2c290e531 with 2f3fb4c6-d638-43d5-aa13-3cf1a77eef95
[35m[HTTP][39m [37m<-- GET /wd/hub/session/2f3fb4c6-d638-43d5-aa13-3cf1a77eef95/source [39m[32m200[39m [90m287 ms - 19487[39m
[35m[HTTP][39m [90m[39m
[35m[HTTP][39m [37m-->[39m [37mGET[39m [37m/wd/hub/session/2f3fb4c6-d638-43d5-aa13-3cf1a77eef95/screenshot[39m
[35m[HTTP][39m [90m{}[39m
[35m[HTTP][39m [37m<-- GET /wd/hub/session/2f3fb4c6-d638-43d5-aa13-3cf1a77eef95/screenshot [39m[32m200[39m [90m576 ms - 161498[39m
[35m[HTTP][39m [90m[39m
[35m[HTTP][39m [37m-->[39m [37mGET[39m [37m/wd/hub/session/2f3fb4c6-d638-43d5-aa13-3cf1a77eef95/source[39m
[35m[HTTP][39m [90m{}[39m
[35m[W3C (2f3fb4c6)][39m Driver proxy active, passing request on via HTTP proxy
[35m[WD Proxy][39m Replacing sessionId 5d6660b3-7397-4906-b794-43a2c290e531 with 2f3fb4c6-d638-43d5-aa13-3cf1a77eef95
[35m[HTTP][39m [37m<-- GET /wd/hub/session/2f3fb4c6-d638-43d5-aa13-3cf1a77eef95/source [39m[32m200[39m [90m176 ms - 19487[39m
[35m[HTTP][39m [90m[39m
[35m[HTTP][39m [37m-->[39m [37mGET[39m [37m/wd/hub/session/2f3fb4c6-d638-43d5-aa13-3cf1a77eef95/screenshot[39m
[35m[HTTP][39m [90m{}[39m
[35m[HTTP][39m [37m<-- GET /wd/hub/session/2f3fb4c6-d638-43d5-aa13-3cf1a77eef95/screenshot [39m[32m200[39m [90m427 ms - 161498[39m
[35m[HTTP][39m [90m[39m
[35m[HTTP][39m [37m-->[39m [37mGET[39m [37m/wd/hub/session/2f3fb4c6-d638-43d5-aa13-3cf1a77eef95/context[39m
[35m[HTTP][39m [90m{}[39m
[35m[HTTP][39m [37m<-- GET /wd/hub/session/2f3fb4c6-d638-43d5-aa13-3cf1a77eef95/context [39m[32m200[39m [90m8 ms - 22[39m
[35m[HTTP][39m [90m[39m
[35m[HTTP][39m [37m-->[39m [37mGET[39m [37m/wd/hub/session/2f3fb4c6-d638-43d5-aa13-3cf1a77eef95/contexts[39m
[35m[HTTP][39m [90m{}[39m
[35m[HTTP][39m [37m<-- GET /wd/hub/session/2f3fb4c6-d638-43d5-aa13-3cf1a77eef95/contexts [39m[32m200[39m [90m110 ms - 24[39m
[35m[HTTP][39m [90m[39m
[35m[HTTP][39m [37m-->[39m [37mPOST[39m [37m/wd/hub/session/2f3fb4c6-d638-43d5-aa13-3cf1a77eef95/context[39m
[35m[HTTP][39m [90m{"name":"NATIVE_APP"}[39m
[35m[HTTP][39m [37m<-- POST /wd/hub/session/2f3fb4c6-d638-43d5-aa13-3cf1a77eef95/context [39m[32m200[39m [90m3 ms - 14[39m
[35m[HTTP][39m [90m[39m
[35m[HTTP][39m [37m-->[39m [37mPOST[39m [37m/wd/hub/session/2f3fb4c6-d638-43d5-aa13-3cf1a77eef95/orientation[39m
[35m[HTTP][39m [90m{"orientation":"PORTRAIT"}[39m
[35m[W3C (2f3fb4c6)][39m Driver proxy active, passing request on via HTTP proxy
[35m[WD Proxy][39m Replacing sessionId 5d6660b3-7397-4906-b794-43a2c290e531 with 2f3fb4c6-d638-43d5-aa13-3cf1a77eef95
[35m[HTTP][39m [37m<-- POST /wd/hub/session/2f3fb4c6-d638-43d5-aa13-3cf1a77eef95/orientation [39m[32m200[39m [90m41 ms - 71[39m
[35m[HTTP][39m [90m[39m
[35m[HTTP][39m [37m-->[39m [37mPOST[39m [37m/wd/hub/session/2f3fb4c6-d638-43d5-aa13-3cf1a77eef95/context[39m
[35m[HTTP][39m [90m{"name":"NATIVE_APP"}[39m
[35m[HTTP][39m [37m<-- POST /wd/hub/session/2f3fb4c6-d638-43d5-aa13-3cf1a77eef95/context [39m[32m200[39m [90m2 ms - 14[39m
[35m[HTTP][39m [90m[39m
[35m[HTTP][39m [37m-->[39m [37mGET[39m [37m/wd/hub/session/2f3fb4c6-d638-43d5-aa13-3cf1a77eef95/source[39m
[35m[HTTP][39m [90m{}[39m
[35m[W3C (2f3fb4c6)][39m Driver proxy active, passing request on via HTTP proxy
[35m[WD Proxy][39m Replacing sessionId 5d6660b3-7397-4906-b794-43a2c290e531 with 2f3fb4c6-d638-43d5-aa13-3cf1a77eef95
[35m[HTTP][39m [37m<-- GET /wd/hub/session/2f3fb4c6-d638-43d5-aa13-3cf1a77eef95/source [39m[32m200[39m [90m231 ms - 19487[39m
[35m[HTTP][39m [90m[39m
[35m[HTTP][39m [37m-->[39m [37mGET[39m [37m/wd/hub/session/2f3fb4c6-d638-43d5-aa13-3cf1a77eef95/screenshot[39m
[35m[HTTP][39m [90m{}[39m
[35m[HTTP][39m [37m<-- GET /wd/hub/session/2f3fb4c6-d638-43d5-aa13-3cf1a77eef95/screenshot [39m[32m200[39m [90m495 ms - 161498[39m
[35m[HTTP][39m [90m[39m
[35m[HTTP][39m [37m-->[39m [37mPOST[39m [37m/wd/hub/session/2f3fb4c6-d638-43d5-aa13-3cf1a77eef95/elements[39m
[35m[HTTP][39m [90m{"using":"xpath","value":"//*[@class = 'android.widget.ImageView' and (@text = '' or . = '')]"}[39m
[35m[HTTP][39m [37m<-- POST /wd/hub/session/2f3fb4c6-d638-43d5-aa13-3cf1a77eef95/elements [39m[32m200[39m [90m12838 ms - 139[39m
[35m[HTTP][39m [90m[39m
[35m[HTTP][39m [37m-->[39m [37mGET[39m [37m/wd/hub/session/2f3fb4c6-d638-43d5-aa13-3cf1a77eef95/window/rect[39m
[35m[HTTP][39m [90m{}[39m
[35m[HTTP][39m [37m<-- GET /wd/hub/session/2f3fb4c6-d638-43d5-aa13-3cf1a77eef95/window/rect [39m[32m200[39m [90m17 ms - 49[39m
[35m[HTTP][39m [90m[39m
[35m[HTTP][39m [37m-->[39m [37mPOST[39m [37m/wd/hub/session/2f3fb4c6-d638-43d5-aa13-3cf1a77eef95/elements[39m
[35m[HTTP][39m [90m{"using":"xpath","value":"//*[@class = 'android.widget.ImageView' and (@text = '' or . = '')]"}[39m
[35m[HTTP][39m [37m<-- POST /wd/hub/session/2f3fb4c6-d638-43d5-aa13-3cf1a77eef95/elements [39m[32m200[39m [90m207 ms - 139[39m
[35m[HTTP][39m [90m[39m
[35m[HTTP][39m [37m-->[39m [37mGET[39m [37m/wd/hub/session/2f3fb4c6-d638-43d5-aa13-3cf1a77eef95/element/00000000-0000-0274-ffff-ffff00000037/location[39m
[35m[HTTP][39m [90m{}[39m
[35m[W3C (2f3fb4c6)][39m Driver proxy active, passing request on via HTTP proxy
[35m[WD Proxy][39m Replacing sessionId 5d6660b3-7397-4906-b794-43a2c290e531 with 2f3fb4c6-d638-43d5-aa13-3cf1a77eef95
[35m[HTTP][39m [37m<-- GET /wd/hub/session/2f3fb4c6-d638-43d5-aa13-3cf1a77eef95/element/00000000-0000-0274-ffff-ffff00000037/location [39m[32m200[39m [90m21 ms - 79[39m
[35m[HTTP][39m [90m[39m
[35m[HTTP][39m [37m-->[39m [37mPOST[39m [37m/wd/hub/session/2f3fb4c6-d638-43d5-aa13-3cf1a77eef95/element/00000000-0000-0274-ffff-ffff00000037/click[39m
[35m[HTTP][39m [90m{"id":"00000000-0000-0274-ffff-ffff00000037"}[39m
[35m[HTTP][39m [37m<-- POST /wd/hub/session/2f3fb4c6-d638-43d5-aa13-3cf1a77eef95/element/00000000-0000-0274-ffff-ffff00000037/click [39m[32m200[39m [90m104 ms - 14[39m
[35m[HTTP][39m [90m[39m
[35m[HTTP][39m [37m-->[39m [37mGET[39m [37m/wd/hub/session/2f3fb4c6-d638-43d5-aa13-3cf1a77eef95/source[39m
[35m[HTTP][39m [90m{}[39m
[35m[W3C (2f3fb4c6)][39m Driver proxy active, passing request on via HTTP proxy
[35m[WD Proxy][39m Replacing sessionId 5d6660b3-7397-4906-b794-43a2c290e531 with 2f3fb4c6-d638-43d5-aa13-3cf1a77eef95
[35m[HTTP][39m [37m<-- GET /wd/hub/session/2f3fb4c6-d638-43d5-aa13-3cf1a77eef95/source [39m[32m200[39m [90m744 ms - 19031[39m
[35m[HTTP][39m [90m[39m
[35m[HTTP][39m [37m-->[39m [37mGET[39m [37m/wd/hub/session/2f3fb4c6-d638-43d5-aa13-3cf1a77eef95/screenshot[39m
[35m[HTTP][39m [90m{}[39m
[35m[HTTP][39m [37m<-- GET /wd/hub/session/2f3fb4c6-d638-43d5-aa13-3cf1a77eef95/screenshot [39m[32m200[39m [90m494 ms - 159618[39m
[35m[HTTP][39m [90m[39m
[35m[HTTP][39m [37m-->[39m [37mPOST[39m [37m/wd/hub/session/2f3fb4c6-d638-43d5-aa13-3cf1a77eef95/elements[39m
[35m[HTTP][39m [90m{"using":"xpath","value":"//*[@class = 'android.widget.ImageView' and (@text = '' or . = '')]"}[39m
[35m[HTTP][39m [37m<-- POST /wd/hub/session/2f3fb4c6-d638-43d5-aa13-3cf1a77eef95/elements [39m[32m200[39m [90m323 ms - 139[39m
[35m[HTTP][39m [90m[39m
[35m[HTTP][39m [37m-->[39m [37mGET[39m [37m/wd/hub/session/2f3fb4c6-d638-43d5-aa13-3cf1a77eef95/window/rect[39m
[35m[HTTP][39m [90m{}[39m
[35m[HTTP][39m [37m<-- GET /wd/hub/session/2f3fb4c6-d638-43d5-aa13-3cf1a77eef95/window/rect [39m[32m200[39m [90m18 ms - 49[39m
[35m[HTTP][39m [90m[39m
[35m[HTTP][39m [37m-->[39m [37mPOST[39m [37m/wd/hub/session/2f3fb4c6-d638-43d5-aa13-3cf1a77eef95/elements[39m
[35m[HTTP][39m [90m{"using":"xpath","value":"//*[@class = 'android.widget.ImageView' and (@text = '' or . = '')]"}[39m
[35m[HTTP][39m [37m<-- POST /wd/hub/session/2f3fb4c6-d638-43d5-aa13-3cf1a77eef95/elements [39m[32m200[39m [90m253 ms - 139[39m
[35m[HTTP][39m [90m[39m
[35m[HTTP][39m [37m-->[39m [37mGET[39m [37m/wd/hub/session/2f3fb4c6-d638-43d5-aa13-3cf1a77eef95/element/00000000-0000-0274-ffff-ffff00000037/location[39m
[35m[HTTP][39m [90m{}[39m
[35m[W3C (2f3fb4c6)][39m Driver proxy active, passing request on via HTTP proxy
[35m[WD Proxy][39m Replacing sessionId 5d6660b3-7397-4906-b794-43a2c290e531 with 2f3fb4c6-d638-43d5-aa13-3cf1a77eef95
[35m[HTTP][39m [37m<-- GET /wd/hub/session/2f3fb4c6-d638-43d5-aa13-3cf1a77eef95/element/00000000-0000-0274-ffff-ffff00000037/location [39m[32m200[39m [90m27 ms - 78[39m
[35m[HTTP][39m [90m[39m
[35m[HTTP][39m [37m-->[39m [37mPOST[39m [37m/wd/hub/session/2f3fb4c6-d638-43d5-aa13-3cf1a77eef95/element/00000000-0000-0274-ffff-ffff00000037/click[39m
[35m[HTTP][39m [90m{"id":"00000000-0000-0274-ffff-ffff00000037"}[39m
[35m[HTTP][39m [37m<-- POST /wd/hub/session/2f3fb4c6-d638-43d5-aa13-3cf1a77eef95/element/00000000-0000-0274-ffff-ffff00000037/click [39m[32m200[39m [90m56 ms - 14[39m
[35m[HTTP][39m [90m[39m
[35m[HTTP][39m [37m-->[39m [37mGET[39m [37m/wd/hub/session/2f3fb4c6-d638-43d5-aa13-3cf1a77eef95/source[39m
[35m[HTTP][39m [90m{}[39m
[35m[W3C (2f3fb4c6)][39m Driver proxy active, passing request on via HTTP proxy
[35m[WD Proxy][39m Replacing sessionId 5d6660b3-7397-4906-b794-43a2c290e531 with 2f3fb4c6-d638-43d5-aa13-3cf1a77eef95
[35m[HTTP][39m [37m<-- GET /wd/hub/session/2f3fb4c6-d638-43d5-aa13-3cf1a77eef95/source [39m[32m200[39m [90m993 ms - 37566[39m
[35m[HTTP][39m [90m[39m
[35m[HTTP][39m [37m-->[39m [37mGET[39m [37m/wd/hub/session/2f3fb4c6-d638-43d5-aa13-3cf1a77eef95/screenshot[39m
[35m[HTTP][39m [90m{}[39m
[35m[HTTP][39m [37m<-- GET /wd/hub/session/2f3fb4c6-d638-43d5-aa13-3cf1a77eef95/screenshot [39m[32m200[39m [90m506 ms - 139452[39m
[35m[HTTP][39m [90m[39m
[35m[HTTP][39m [37m-->[39m [37mPOST[39m [37m/wd/hub/session/2f3fb4c6-d638-43d5-aa13-3cf1a77eef95/elements[39m
[35m[HTTP][39m [90m{"using":"xpath","value":"//*[@class = 'android.widget.EditText' and (@text = '' or . = '')]"}[39m
[35m[HTTP][39m [37m<-- POST /wd/hub/session/2f3fb4c6-d638-43d5-aa13-3cf1a77eef95/elements [39m[32m200[39m [90m359 ms - 139[39m
[35m[HTTP][39m [90m[39m
[35m[HTTP][39m [37m-->[39m [37mGET[39m [37m/wd/hub/session/2f3fb4c6-d638-43d5-aa13-3cf1a77eef95/window/rect[39m
[35m[HTTP][39m [90m{}[39m
[35m[HTTP][39m [37m<-- GET /wd/hub/session/2f3fb4c6-d638-43d5-aa13-3cf1a77eef95/window/rect [39m[32m200[39m [90m2324 ms - 49[39m
[35m[HTTP][39m [90m[39m
[35m[HTTP][39m [37m-->[39m [37mPOST[39m [37m/wd/hub/session/2f3fb4c6-d638-43d5-aa13-3cf1a77eef95/elements[39m
[35m[HTTP][39m [90m{"using":"xpath","value":"//*[@class = 'android.widget.EditText' and (@text = '' or . = '')]"}[39m
[35m[HTTP][39m [37m<-- POST /wd/hub/session/2f3fb4c6-d638-43d5-aa13-3cf1a77eef95/elements [39m[32m200[39m [90m1058 ms - 139[39m
[35m[HTTP][39m [90m[39m
[35m[HTTP][39m [37m-->[39m [37mGET[39m [37m/wd/hub/session/2f3fb4c6-d638-43d5-aa13-3cf1a77eef95/element/00000000-0000-0274-ffff-ffff00000116/location[39m
[35m[HTTP][39m [90m{}[39m
[35m[W3C (2f3fb4c6)][39m Driver proxy active, passing request on via HTTP proxy
[35m[WD Proxy][39m Replacing sessionId 5d6660b3-7397-4906-b794-43a2c290e531 with 2f3fb4c6-d638-43d5-aa13-3cf1a77eef95
[35m[HTTP][39m [37m<-- GET /wd/hub/session/2f3fb4c6-d638-43d5-aa13-3cf1a77eef95/element/00000000-0000-0274-ffff-ffff00000116/location [39m[32m200[39m [90m27 ms - 77[39m
[35m[HTTP][39m [90m[39m
[35m[HTTP][39m [37m-->[39m [37mPOST[39m [37m/wd/hub/session/2f3fb4c6-d638-43d5-aa13-3cf1a77eef95/element/00000000-0000-0274-ffff-ffff00000116/clear[39m
[35m[HTTP][39m [90m{"id":"00000000-0000-0274-ffff-ffff00000116"}[39m
[35m[HTTP][39m [37m<-- POST /wd/hub/session/2f3fb4c6-d638-43d5-aa13-3cf1a77eef95/element/00000000-0000-0274-ffff-ffff00000116/clear [39m[32m200[39m [90m36 ms - 14[39m
[35m[HTTP][39m [90m[39m
[35m[HTTP][39m [37m-->[39m [37mPOST[39m [37m/wd/hub/session/2f3fb4c6-d638-43d5-aa13-3cf1a77eef95/element/00000000-0000-0274-ffff-ffff00000116/value[39m
[35m[HTTP][39m [90m{"id":"00000000-0000-0274-ffff-ffff00000116","text":"081319066048","value":["0","8","1","3","1","9","0","6","6","0","4","8"]}[39m
[35m[HTTP][39m [37m<-- POST /wd/hub/session/2f3fb4c6-d638-43d5-aa13-3cf1a77eef95/element/00000000-0000-0274-ffff-ffff00000116/value [39m[32m200[39m [90m555 ms - 14[39m
[35m[HTTP][39m [90m[39m
[35m[HTTP][39m [37m-->[39m [37mGET[39m [37m/wd/hub/session/2f3fb4c6-d638-43d5-aa13-3cf1a77eef95/source[39m
[35m[HTTP][39m [90m{}[39m
[35m[W3C (2f3fb4c6)][39m Driver proxy active, passing request on via HTTP proxy
[35m[WD Proxy][39m Replacing sessionId 5d6660b3-7397-4906-b794-43a2c290e531 with 2f3fb4c6-d638-43d5-aa13-3cf1a77eef95
[35m[HTTP][39m [37m<-- GET /wd/hub/session/2f3fb4c6-d638-43d5-aa13-3cf1a77eef95/source [39m[32m200[39m [90m563 ms - 38433[39m
[35m[HTTP][39m [90m[39m
[35m[HTTP][39m [37m-->[39m [37mGET[39m [37m/wd/hub/session/2f3fb4c6-d638-43d5-aa13-3cf1a77eef95/screenshot[39m
[35m[HTTP][39m [90m{}[39m
[35m[HTTP][39m [37m<-- GET /wd/hub/session/2f3fb4c6-d638-43d5-aa13-3cf1a77eef95/screenshot [39m[32m200[39m [90m481 ms - 145656[39m
[35m[HTTP][39m [90m[39m
[35m[HTTP][39m [37m-->[39m [37mPOST[39m [37m/wd/hub/session/2f3fb4c6-d638-43d5-aa13-3cf1a77eef95/elements[39m
[35m[HTTP][39m [90m{"using":"xpath","value":"//*[@class = 'android.widget.CheckBox' and (@text = '' or . = '')]"}[39m
[35m[HTTP][39m [37m<-- POST /wd/hub/session/2f3fb4c6-d638-43d5-aa13-3cf1a77eef95/elements [39m[32m200[39m [90m493 ms - 139[39m
[35m[HTTP][39m [90m[39m
[35m[HTTP][39m [37m-->[39m [37mGET[39m [37m/wd/hub/session/2f3fb4c6-d638-43d5-aa13-3cf1a77eef95/window/rect[39m
[35m[HTTP][39m [90m{}[39m
[35m[HTTP][39m [37m<-- GET /wd/hub/session/2f3fb4c6-d638-43d5-aa13-3cf1a77eef95/window/rect [39m[32m200[39m [90m12 ms - 49[39m
[35m[HTTP][39m [90m[39m
[35m[HTTP][39m [37m-->[39m [37mPOST[39m [37m/wd/hub/session/2f3fb4c6-d638-43d5-aa13-3cf1a77eef95/elements[39m
[35m[HTTP][39m [90m{"using":"xpath","value":"//*[@class = 'android.widget.CheckBox' and (@text = '' or . = '')]"}[39m
[35m[HTTP][39m [37m<-- POST /wd/hub/session/2f3fb4c6-d638-43d5-aa13-3cf1a77eef95/elements [39m[32m200[39m [90m425 ms - 139[39m
[35m[HTTP][39m [90m[39m
[35m[HTTP][39m [37m-->[39m [37mGET[39m [37m/wd/hub/session/2f3fb4c6-d638-43d5-aa13-3cf1a77eef95/element/00000000-0000-0274-ffff-ffff00000118/location[39m
[35m[HTTP][39m [90m{}[39m
[35m[W3C (2f3fb4c6)][39m Driver proxy active, passing request on via HTTP proxy
[35m[WD Proxy][39m Replacing sessionId 5d6660b3-7397-4906-b794-43a2c290e531 with 2f3fb4c6-d638-43d5-aa13-3cf1a77eef95
[35m[HTTP][39m [37m<-- GET /wd/hub/session/2f3fb4c6-d638-43d5-aa13-3cf1a77eef95/element/00000000-0000-0274-ffff-ffff00000118/location [39m[32m200[39m [90m25 ms - 78[39m
[35m[HTTP][39m [90m[39m
[35m[HTTP][39m [37m-->[39m [37mPOST[39m [37m/wd/hub/session/2f3fb4c6-d638-43d5-aa13-3cf1a77eef95/element/00000000-0000-0274-ffff-ffff00000118/click[39m
[35m[HTTP][39m [90m{"id":"00000000-0000-0274-ffff-ffff00000118"}[39m
[35m[HTTP][39m [37m<-- POST /wd/hub/session/2f3fb4c6-d638-43d5-aa13-3cf1a77eef95/element/00000000-0000-0274-ffff-ffff00000118/click [39m[32m200[39m [90m56 ms - 14[39m
[35m[HTTP][39m [90m[39m
[35m[HTTP][39m [37m-->[39m [37mGET[39m [37m/wd/hub/session/2f3fb4c6-d638-43d5-aa13-3cf1a77eef95/source[39m
[35m[HTTP][39m [90m{}[39m
[35m[W3C (2f3fb4c6)][39m Driver proxy active, passing request on via HTTP proxy
[35m[WD Proxy][39m Replacing sessionId 5d6660b3-7397-4906-b794-43a2c290e531 with 2f3fb4c6-d638-43d5-aa13-3cf1a77eef95
[35m[HTTP][39m [37m<-- GET /wd/hub/session/2f3fb4c6-d638-43d5-aa13-3cf1a77eef95/source [39m[32m200[39m [90m23342 ms - 7702[39m
[35m[HTTP][39m [90m[39m
[35m[HTTP][39m [37m-->[39m [37mGET[39m [37m/wd/hub/session/2f3fb4c6-d638-43d5-aa13-3cf1a77eef95/screenshot[39m
[35m[HTTP][39m [90m{}[39m
[35m[HTTP][39m [37m<-- GET /wd/hub/session/2f3fb4c6-d638-43d5-aa13-3cf1a77eef95/screenshot [39m[32m200[39m [90m453 ms - 172964[39m
[35m[HTTP][39m [90m[39m
[35m[HTTP][39m [37m-->[39m [37mPOST[39m [37m/wd/hub/session/2f3fb4c6-d638-43d5-aa13-3cf1a77eef95/elements[39m
[35m[HTTP][39m [90m{"using":"xpath","value":"//*[@class = 'android.widget.Button' and (@text = 'OK' or . = 'OK') and @resource-id = 'com.realme.securitycheck:id/done']"}[39m
[35m[HTTP][39m [37m<-- POST /wd/hub/session/2f3fb4c6-d638-43d5-aa13-3cf1a77eef95/elements [39m[32m200[39m [90m247 ms - 139[39m
[35m[HTTP][39m [90m[39m
[35m[HTTP][39m [37m-->[39m [37mGET[39m [37m/wd/hub/session/2f3fb4c6-d638-43d5-aa13-3cf1a77eef95/window/rect[39m
[35m[HTTP][39m [90m{}[39m
[35m[HTTP][39m [37m<-- GET /wd/hub/session/2f3fb4c6-d638-43d5-aa13-3cf1a77eef95/window/rect [39m[32m200[39m [90m18 ms - 49[39m
[35m[HTTP][39m [90m[39m
[35m[HTTP][39m [37m-->[39m [37mPOST[39m [37m/wd/hub/session/2f3fb4c6-d638-43d5-aa13-3cf1a77eef95/elements[39m
[35m[HTTP][39m [90m{"using":"xpath","value":"//*[@class = 'android.widget.Button' and (@text = 'OK' or . = 'OK') and @resource-id = 'com.realme.securitycheck:id/done']"}[39m
[35m[HTTP][39m [37m<-- POST /wd/hub/session/2f3fb4c6-d638-43d5-aa13-3cf1a77eef95/elements [39m[32m200[39m [90m111 ms - 139[39m
[35m[HTTP][39m [90m[39m
[35m[HTTP][39m [37m-->[39m [37mGET[39m [37m/wd/hub/session/2f3fb4c6-d638-43d5-aa13-3cf1a77eef95/element/00000000-0000-0268-ffff-ffff0000000e/location[39m
[35m[HTTP][39m [90m{}[39m
[35m[W3C (2f3fb4c6)][39m Driver proxy active, passing request on via HTTP proxy
[35m[WD Proxy][39m Replacing sessionId 5d6660b3-7397-4906-b794-43a2c290e531 with 2f3fb4c6-d638-43d5-aa13-3cf1a77eef95
[35m[HTTP][39m [37m<-- GET /wd/hub/session/2f3fb4c6-d638-43d5-aa13-3cf1a77eef95/element/00000000-0000-0268-ffff-ffff0000000e/location [39m[32m200[39m [90m24 ms - 78[39m
[35m[HTTP][39m [90m[39m
[35m[HTTP][39m [37m-->[39m [37mPOST[39m [37m/wd/hub/session/2f3fb4c6-d638-43d5-aa13-3cf1a77eef95/element/00000000-0000-0268-ffff-ffff0000000e/click[39m
[35m[HTTP][39m [90m{"id":"00000000-0000-0268-ffff-ffff0000000e"}[39m
[35m[HTTP][39m [37m<-- POST /wd/hub/session/2f3fb4c6-d638-43d5-aa13-3cf1a77eef95/element/00000000-0000-0268-ffff-ffff0000000e/click [39m[32m200[39m [90m75 ms - 14[39m
[35m[HTTP][39m [90m[39m
[35m[HTTP][39m [37m-->[39m [37mGET[39m [37m/wd/hub/session/2f3fb4c6-d638-43d5-aa13-3cf1a77eef95/source[39m
[35m[HTTP][39m [90m{}[39m
[35m[W3C (2f3fb4c6)][39m Driver proxy active, passing request on via HTTP proxy
[35m[WD Proxy][39m Replacing sessionId 5d6660b3-7397-4906-b794-43a2c290e531 with 2f3fb4c6-d638-43d5-aa13-3cf1a77eef95
[35m[HTTP][39m [37m<-- GET /wd/hub/session/2f3fb4c6-d638-43d5-aa13-3cf1a77eef95/source [39m[32m200[39m [90m735 ms - 19253[39m
[35m[HTTP][39m [90m[39m
[35m[HTTP][39m [37m-->[39m [37mGET[39m [37m/wd/hub/session/2f3fb4c6-d638-43d5-aa13-3cf1a77eef95/screenshot[39m
[35m[HTTP][39m [90m{}[39m
[35m[HTTP][39m [37m<-- GET /wd/hub/session/2f3fb4c6-d638-43d5-aa13-3cf1a77eef95/screenshot [39m[32m200[39m [90m982 ms - 432744[39m
[35m[HTTP][39m [90m[39m
[35m[HTTP][39m [37m-->[39m [37mDELETE[39m [37m/wd/hub/session/2f3fb4c6-d638-43d5-aa13-3cf1a77eef95[39m
[35m[HTTP][39m [90m{}[39m
[35m[Appium][39m Removing session 2f3fb4c6-d638-43d5-aa13-3cf1a77eef95 from our master session list
[35m[UiAutomator2][39m Restoring hidden api policy to the device default configuration
[35m[HTTP][39m [37m<-- DELETE /wd/hub/session/2f3fb4c6-d638-43d5-aa13-3cf1a77eef95 [39m[32m200[39m [90m290 ms - 14[39m
[35m[HTTP][39m [90m[39m
